Wed Apr 16 17:28:19 UTC 2025
Thu Apr 17 13:18:30 UTC 2025
Fri Apr 18 13:15:32 UTC 2025
Sat Apr 19 13:02:32 UTC 2025
Sun Apr 20 13:05:08 UTC 2025
Mon Apr 21 13:16:57 UTC 2025
Tue Apr 22 13:34:32 UTC 2025
Wed Apr 23 13:35:45 UTC 2025
Thu Apr 24 13:36:33 UTC 2025
Fri Apr 25 13:18:38 UTC 2025
Sat Apr 26 13:03:48 UTC 2025
Sun Apr 27 13:04:16 UTC 2025
Mon Apr 28 13:49:50 UTC 2025
Tue Apr 29 13:44:15 UTC 2025
Wed Apr 30 13:19:09 UTC 2025
Thu May  1 13:17:35 UTC 2025
Fri May  2 13:18:42 UTC 2025
Sat May  3 13:05:16 UTC 2025
Sun May  4 13:13:37 UTC 2025
Mon May  5 13:36:03 UTC 2025
Tue May  6 13:39:35 UTC 2025
Wed May  7 13:42:24 UTC 2025
Thu May  8 13:35:11 UTC 2025
Fri May  9 13:35:10 UTC 2025
Sat May 10 13:05:08 UTC 2025
Sun May 11 13:05:37 UTC 2025
Mon May 12 13:41:30 UTC 2025
Tue May 13 13:42:48 UTC 2025
Wed May 14 13:37:42 UTC 2025
Thu May 15 13:37:26 UTC 2025
Fri May 16 13:36:50 UTC 2025
Sat May 17 13:13:33 UTC 2025
Sun May 18 12:25:43 UTC 2025
Mon May 19 12:29:48 UTC 2025
Tue May 20 12:29:51 UTC 2025
Wed May 21 12:29:09 UTC 2025
